<?xml version="1.0" encoding="UTF-8"?>
<testsuite name="com.plantler.PlantlerApplicationTests" tests="1" skipped="1" failures="0" errors="0" timestamp="2024-10-29T09:34:40" hostname="DESKTOP-KLGCDLH" time="0.0">
  <properties/>
  <testcase name="contextLoads()" classname="com.plantler.PlantlerApplicationTests" time="0.0">
    <skipped/>
  </testcase>
  <system-out><![CDATA[]]></system-out>
  <system-err><![CDATA[]]></system-err>
</testsuite>
